Determining if the pthread_create exist failed with the following output:
Change Dir: /home/etudiant/Téléchargements/PI2018/source/cmake-build-debug/CMakeFiles/CMakeTmp

Run Build Command:"/usr/bin/make" "cmTC_6cbfe/fast"
/usr/bin/make -f CMakeFiles/cmTC_6cbfe.dir/build.make CMakeFiles/cmTC_6cbfe.dir/build
make[1] : on entre dans le répertoire « /home/etudiant/Téléchargements/PI2018/source/cmake-build-debug/CMakeFiles/CMakeTmp »
Building C object CMakeFiles/cmTC_6cbfe.dir/CheckSymbolExists.c.o
/usr/bin/cc    -o CMakeFiles/cmTC_6cbfe.dir/CheckSymbolExists.c.o   -c /home/etudiant/Téléchargements/PI2018/source/cmake-build-debug/CMakeFiles/CMakeTmp/CheckSymbolExists.c
Linking C executable cmTC_6cbfe
/home/etudiant/Documents/Clion/clion-2017.3.4/bin/cmake/bin/cmake -E cmake_link_script CMakeFiles/cmTC_6cbfe.dir/link.txt --verbose=1
/usr/bin/cc      -rdynamic CMakeFiles/cmTC_6cbfe.dir/CheckSymbolExists.c.o  -o cmTC_6cbfe 
CMakeFiles/cmTC_6cbfe.dir/CheckSymbolExists.c.o : Dans la fonction « main » :
CheckSymbolExists.c:(.text+0x1b) : référence indéfinie vers « pthread_create »
collect2: error: ld returned 1 exit status
CMakeFiles/cmTC_6cbfe.dir/build.make:97 : la recette pour la cible « cmTC_6cbfe » a échouée
make[1]: *** [cmTC_6cbfe] Erreur 1
make[1] : on quitte le répertoire « /home/etudiant/Téléchargements/PI2018/source/cmake-build-debug/CMakeFiles/CMakeTmp »
Makefile:126 : la recette pour la cible « cmTC_6cbfe/fast » a échouée
make: *** [cmTC_6cbfe/fast] Erreur 2

File /home/etudiant/Téléchargements/PI2018/source/cmake-build-debug/CMakeFiles/CMakeTmp/CheckSymbolExists.c:
/* */
#include <pthread.h>

int main(int argc, char** argv)
{
  (void)argv;
#ifndef pthread_create
  return ((int*)(&pthread_create))[argc];
#else
  (void)argc;
  return 0;
#endif
}

Determining if the function pthread_create exists in the pthreads failed with the following output:
Change Dir: /home/etudiant/Téléchargements/PI2018/source/cmake-build-debug/CMakeFiles/CMakeTmp

Run Build Command:"/usr/bin/make" "cmTC_22228/fast"
/usr/bin/make -f CMakeFiles/cmTC_22228.dir/build.make CMakeFiles/cmTC_22228.dir/build
make[1] : on entre dans le répertoire « /home/etudiant/Téléchargements/PI2018/source/cmake-build-debug/CMakeFiles/CMakeTmp »
Building C object CMakeFiles/cmTC_22228.dir/CheckFunctionExists.c.o
/usr/bin/cc   -DCHECK_FUNCTION_EXISTS=pthread_create   -o CMakeFiles/cmTC_22228.dir/CheckFunctionExists.c.o   -c /home/etudiant/Documents/Clion/clion-2017.3.4/bin/cmake/share/cmake-3.9/Modules/CheckFunctionExists.c
Linking C executable cmTC_22228
/home/etudiant/Documents/Clion/clion-2017.3.4/bin/cmake/bin/cmake -E cmake_link_script CMakeFiles/cmTC_22228.dir/link.txt --verbose=1
/usr/bin/cc  -DCHECK_FUNCTION_EXISTS=pthread_create    -rdynamic CMakeFiles/cmTC_22228.dir/CheckFunctionExists.c.o  -o cmTC_22228 -lpthreads 
/usr/bin/ld : ne peut trouver -lpthreads
collect2: error: ld returned 1 exit status
CMakeFiles/cmTC_22228.dir/build.make:97 : la recette pour la cible « cmTC_22228 » a échouée
make[1]: *** [cmTC_22228] Erreur 1
make[1] : on quitte le répertoire « /home/etudiant/Téléchargements/PI2018/source/cmake-build-debug/CMakeFiles/CMakeTmp »
Makefile:126 : la recette pour la cible « cmTC_22228/fast » a échouée
make: *** [cmTC_22228/fast] Erreur 2


